


ARM Macro Assembler    Page 1 


    1 00000000         ; Copyright (c) 2013, Nordic Semiconductor ASA
    2 00000000         ; All rights reserved.
    3 00000000         ; 
    4 00000000         ; Redistribution and use in source and binary forms, wit
                       h or without
    5 00000000         ; modification, are permitted provided that the followin
                       g conditions are met:
    6 00000000         ; 
    7 00000000         ; * Redistributions of source code must retain the above
                        copyright notice, this
    8 00000000         ;   list of conditions and the following disclaimer.
    9 00000000         ; 
   10 00000000         ; * Redistributions in binary form must reproduce the ab
                       ove copyright notice,
   11 00000000         ;   this list of conditions and the following disclaimer
                        in the documentation
   12 00000000         ;   and/or other materials provided with the distributio
                       n.
   13 00000000         ; 
   14 00000000         ; * Neither the name of Nordic Semiconductor ASA nor the
                        names of its
   15 00000000         ;   contributors may be used to endorse or promote produ
                       cts derived from
   16 00000000         ;   this software without specific prior written permiss
                       ion.
   17 00000000         ; 
   18 00000000         ; THIS SOFTWARE IS PROVIDED BY THE COPYRIGHT HOLDERS AND
                        CONTRIBUTORS "AS IS"
   19 00000000         ; AND ANY EXPRESS OR IMPLIED WARRANTIES, INCLUDING, BUT 
                       NOT LIMITED TO, THE
   20 00000000         ; IMPLIED WARRANTIES OF MERCHANTABILITY AND FITNESS FOR 
                       A PARTICULAR PURPOSE ARE
   21 00000000         ; DISCLAIMED. IN NO EVENT SHALL THE COPYRIGHT HOLDER OR 
                       CONTRIBUTORS BE LIABLE
   22 00000000         ; FOR ANY DIRECT, INDIRECT, INCIDENTAL, SPECIAL, EXEMPLA
                       RY, OR CONSEQUENTIAL
   23 00000000         ; DAMAGES (INCLUDING, BUT NOT LIMITED TO, PROCUREMENT OF
                        SUBSTITUTE GOODS OR
   24 00000000         ; SERVICES; LOSS OF USE, DATA, OR PROFITS; OR BUSINESS I
                       NTERRUPTION) HOWEVER
   25 00000000         ; CAUSED AND ON ANY THEORY OF LIABILITY, WHETHER IN CONT
                       RACT, STRICT LIABILITY,
   26 00000000         ; OR TORT (INCLUDING NEGLIGENCE OR OTHERWISE) ARISING IN
                        ANY WAY OUT OF THE USE
   27 00000000         ; OF THIS SOFTWARE, EVEN IF ADVISED OF THE POSSIBILITY O
                       F SUCH DAMAGE.
   28 00000000         
   29 00000000         ; NOTE: Template files (including this one) are applicat
                       ion specific and therefore 
   30 00000000         ; expected to be copied into the application project fol
                       der prior to its use!
   31 00000000         
   32 00000000         ; Description message
   33 00000000         
   34 00000000 00000800 
                       Stack_Size
                               EQU              2048
   35 00000000                 AREA             STACK, NOINIT, READWRITE, ALIGN
=3



ARM Macro Assembler    Page 2 


   36 00000000         Stack_Mem
                               SPACE            Stack_Size
   37 00000800         __initial_sp
   38 00000800         
   39 00000800 00000800 
                       Heap_Size
                               EQU              2048
   40 00000800         
   41 00000800                 AREA             HEAP, NOINIT, READWRITE, ALIGN=
3
   42 00000000         __heap_base
   43 00000000         Heap_Mem
                               SPACE            Heap_Size
   44 00000800         __heap_limit
   45 00000800         
   46 00000800                 PRESERVE8
   47 00000800                 THUMB
   48 00000800         
   49 00000800         ; Vector Table Mapped to Address 0 at Reset
   50 00000800         
   51 00000800                 AREA             RESET, DATA, READONLY
   52 00000000                 EXPORT           __Vectors
   53 00000000                 EXPORT           __Vectors_End
   54 00000000                 EXPORT           __Vectors_Size
   55 00000000         
   56 00000000 00000000 
                       __Vectors
                               DCD              __initial_sp ; Top of Stack
   57 00000004 00000000        DCD              Reset_Handler ; Reset Handler
   58 00000008 00000000        DCD              NMI_Handler ; NMI Handler
   59 0000000C 00000000        DCD              HardFault_Handler ; Hard Fault 
                                                            Handler
   60 00000010 00000000        DCD              0           ; Reserved
   61 00000014 00000000        DCD              0           ; Reserved
   62 00000018 00000000        DCD              0           ; Reserved
   63 0000001C 00000000        DCD              0           ; Reserved
   64 00000020 00000000        DCD              0           ; Reserved
   65 00000024 00000000        DCD              0           ; Reserved
   66 00000028 00000000        DCD              0           ; Reserved
   67 0000002C 00000000        DCD              SVC_Handler ; SVCall Handler
   68 00000030 00000000        DCD              0           ; Reserved
   69 00000034 00000000        DCD              0           ; Reserved
   70 00000038 00000000        DCD              PendSV_Handler ; PendSV Handler
                                                            
   71 0000003C 00000000        DCD              SysTick_Handler 
                                                            ; SysTick Handler
   72 00000040         
   73 00000040         ; External Interrupts
   74 00000040 00000000        DCD              POWER_CLOCK_IRQHandler 
                                                            ;POWER_CLOCK
   75 00000044 00000000        DCD              RADIO_IRQHandler ;RADIO
   76 00000048 00000000        DCD              UART0_IRQHandler ;UART0
   77 0000004C 00000000        DCD              SPI0_TWI0_IRQHandler ;SPI0_TWI0
                                                            
   78 00000050 00000000        DCD              SPI1_TWI1_IRQHandler ;SPI1_TWI1
                                                            
   79 00000054 00000000        DCD              0           ;Reserved
   80 00000058 00000000        DCD              GPIOTE_IRQHandler ;GPIOTE
   81 0000005C 00000000        DCD              ADC_IRQHandler ;ADC



ARM Macro Assembler    Page 3 


   82 00000060 00000000        DCD              TIMER0_IRQHandler ;TIMER0
   83 00000064 00000000        DCD              TIMER1_IRQHandler ;TIMER1
   84 00000068 00000000        DCD              TIMER2_IRQHandler ;TIMER2
   85 0000006C 00000000        DCD              RTC0_IRQHandler ;RTC0
   86 00000070 00000000        DCD              TEMP_IRQHandler ;TEMP
   87 00000074 00000000        DCD              RNG_IRQHandler ;RNG
   88 00000078 00000000        DCD              ECB_IRQHandler ;ECB
   89 0000007C 00000000        DCD              CCM_AAR_IRQHandler ;CCM_AAR
   90 00000080 00000000        DCD              WDT_IRQHandler ;WDT
   91 00000084 00000000        DCD              RTC1_IRQHandler ;RTC1
   92 00000088 00000000        DCD              QDEC_IRQHandler ;QDEC
   93 0000008C 00000000        DCD              LPCOMP_IRQHandler ;LPCOMP
   94 00000090 00000000        DCD              SWI0_IRQHandler ;SWI0
   95 00000094 00000000        DCD              SWI1_IRQHandler ;SWI1
   96 00000098 00000000        DCD              SWI2_IRQHandler ;SWI2
   97 0000009C 00000000        DCD              SWI3_IRQHandler ;SWI3
   98 000000A0 00000000        DCD              SWI4_IRQHandler ;SWI4
   99 000000A4 00000000        DCD              SWI5_IRQHandler ;SWI5
  100 000000A8 00000000        DCD              0           ;Reserved
  101 000000AC 00000000        DCD              0           ;Reserved
  102 000000B0 00000000        DCD              0           ;Reserved
  103 000000B4 00000000        DCD              0           ;Reserved
  104 000000B8 00000000        DCD              0           ;Reserved
  105 000000BC 00000000        DCD              0           ;Reserved
  106 000000C0 00000000        DCD              0           ;Reserved
  107 000000C4 00000000        DCD              0           ;Reserved
  108 000000C8 00000000        DCD              0           ;Reserved
  109 000000CC 00000000        DCD              0           ;Reserved
  110 000000D0 00000000        DCD              0           ;Reserved
  111 000000D4 00000000        DCD              0           ;Reserved
  112 000000D8 00000000        DCD              0           ;Reserved
  113 000000DC 00000000        DCD              0           ;Reserved
  114 000000E0 00000000        DCD              0           ;Reserved
  115 000000E4 00000000        DCD              0           ;Reserved
  116 000000E8 00000000        DCD              0           ;Reserved
  117 000000EC 00000000        DCD              0           ;Reserved
  118 000000F0 00000000        DCD              0           ;Reserved
  119 000000F4 00000000        DCD              0           ;Reserved
  120 000000F8 00000000        DCD              0           ;Reserved
  121 000000FC 00000000        DCD              0           ;Reserved
  122 00000100 00000000        DCD              0           ;Reserved
  123 00000104 00000000        DCD              0           ;Reserved
  124 00000108 00000000        DCD              0           ;Reserved
  125 0000010C 00000000        DCD              0           ;Reserved
  126 00000110 00000000        DCD              0           ;Reserved
  127 00000114 00000000        DCD              0           ;Reserved
  128 00000118 00000000        DCD              0           ;Reserved
  129 0000011C 00000000        DCD              0           ;Reserved
  130 00000120 00000000        DCD              0           ;Reserved
  131 00000124 00000000        DCD              0           ;Reserved
  132 00000128 00000000        DCD              0           ;Reserved
  133 0000012C 00000000        DCD              0           ;Reserved
  134 00000130 00000000        DCD              0           ;Reserved
  135 00000134 00000000        DCD              0           ;Reserved
  136 00000138 00000000        DCD              0           ;Reserved
  137 0000013C 00000000        DCD              0           ;Reserved
  138 00000140 00000000        DCD              0           ;Reserved
  139 00000144 00000000        DCD              0           ;Reserved
  140 00000148 00000000        DCD              0           ;Reserved



ARM Macro Assembler    Page 4 


  141 0000014C 00000000        DCD              0           ;Reserved
  142 00000150 00000000        DCD              0           ;Reserved
  143 00000154 00000000        DCD              0           ;Reserved
  144 00000158 00000000        DCD              0           ;Reserved
  145 0000015C 00000000        DCD              0           ;Reserved
  146 00000160 00000000        DCD              0           ;Reserved
  147 00000164 00000000        DCD              0           ;Reserved
  148 00000168 00000000        DCD              0           ;Reserved
  149 0000016C 00000000        DCD              0           ;Reserved
  150 00000170 00000000        DCD              0           ;Reserved
  151 00000174 00000000        DCD              0           ;Reserved
  152 00000178 00000000        DCD              0           ;Reserved
  153 0000017C 00000000        DCD              0           ;Reserved
  154 00000180 00000000        DCD              0           ;Reserved
  155 00000184 00000000        DCD              0           ;Reserved
  156 00000188 00000000        DCD              0           ;Reserved
  157 0000018C 00000000        DCD              0           ;Reserved
  158 00000190 00000000        DCD              0           ;Reserved
  159 00000194 00000000        DCD              0           ;Reserved
  160 00000198 00000000        DCD              0           ;Reserved
  161 0000019C 00000000        DCD              0           ;Reserved
  162 000001A0 00000000        DCD              0           ;Reserved
  163 000001A4 00000000        DCD              0           ;Reserved
  164 000001A8 00000000        DCD              0           ;Reserved
  165 000001AC 00000000        DCD              0           ;Reserved
  166 000001B0 00000000        DCD              0           ;Reserved
  167 000001B4 00000000        DCD              0           ;Reserved
  168 000001B8 00000000        DCD              0           ;Reserved
  169 000001BC 00000000        DCD              0           ;Reserved
  170 000001C0 00000000        DCD              0           ;Reserved
  171 000001C4 00000000        DCD              0           ;Reserved
  172 000001C8 00000000        DCD              0           ;Reserved
  173 000001CC 00000000        DCD              0           ;Reserved
  174 000001D0 00000000        DCD              0           ;Reserved
  175 000001D4 00000000        DCD              0           ;Reserved
  176 000001D8 00000000        DCD              0           ;Reserved
  177 000001DC 00000000        DCD              0           ;Reserved
  178 000001E0 00000000        DCD              0           ;Reserved
  179 000001E4 00000000        DCD              0           ;Reserved
  180 000001E8 00000000        DCD              0           ;Reserved
  181 000001EC 00000000        DCD              0           ;Reserved
  182 000001F0 00000000        DCD              0           ;Reserved
  183 000001F4 00000000        DCD              0           ;Reserved
  184 000001F8 00000000        DCD              0           ;Reserved
  185 000001FC 00000000        DCD              0           ;Reserved
  186 00000200 00000000        DCD              0           ;Reserved
  187 00000204 00000000        DCD              0           ;Reserved
  188 00000208 00000000        DCD              0           ;Reserved
  189 0000020C 00000000        DCD              0           ;Reserved
  190 00000210 00000000        DCD              0           ;Reserved
  191 00000214 00000000        DCD              0           ;Reserved
  192 00000218 00000000        DCD              0           ;Reserved
  193 0000021C 00000000        DCD              0           ;Reserved
  194 00000220 00000000        DCD              0           ;Reserved
  195 00000224 00000000        DCD              0           ;Reserved
  196 00000228 00000000        DCD              0           ;Reserved
  197 0000022C 00000000        DCD              0           ;Reserved
  198 00000230 00000000        DCD              0           ;Reserved
  199 00000234 00000000        DCD              0           ;Reserved



ARM Macro Assembler    Page 5 


  200 00000238 00000000        DCD              0           ;Reserved
  201 0000023C 00000000        DCD              0           ;Reserved
  202 00000240 00000000        DCD              0           ;Reserved
  203 00000244 00000000        DCD              0           ;Reserved
  204 00000248 00000000        DCD              0           ;Reserved
  205 0000024C 00000000        DCD              0           ;Reserved
  206 00000250 00000000        DCD              0           ;Reserved
  207 00000254 00000000        DCD              0           ;Reserved
  208 00000258 00000000        DCD              0           ;Reserved
  209 0000025C 00000000        DCD              0           ;Reserved
  210 00000260 00000000        DCD              0           ;Reserved
  211 00000264 00000000        DCD              0           ;Reserved
  212 00000268 00000000        DCD              0           ;Reserved
  213 0000026C 00000000        DCD              0           ;Reserved
  214 00000270 00000000        DCD              0           ;Reserved
  215 00000274 00000000        DCD              0           ;Reserved
  216 00000278 00000000        DCD              0           ;Reserved
  217 0000027C 00000000        DCD              0           ;Reserved
  218 00000280 00000000        DCD              0           ;Reserved
  219 00000284 00000000        DCD              0           ;Reserved
  220 00000288 00000000        DCD              0           ;Reserved
  221 0000028C 00000000        DCD              0           ;Reserved
  222 00000290 00000000        DCD              0           ;Reserved
  223 00000294 00000000        DCD              0           ;Reserved
  224 00000298 00000000        DCD              0           ;Reserved
  225 0000029C 00000000        DCD              0           ;Reserved
  226 000002A0 00000000        DCD              0           ;Reserved
  227 000002A4 00000000        DCD              0           ;Reserved
  228 000002A8 00000000        DCD              0           ;Reserved
  229 000002AC 00000000        DCD              0           ;Reserved
  230 000002B0 00000000        DCD              0           ;Reserved
  231 000002B4 00000000        DCD              0           ;Reserved
  232 000002B8 00000000        DCD              0           ;Reserved
  233 000002BC 00000000        DCD              0           ;Reserved
  234 000002C0 00000000        DCD              0           ;Reserved
  235 000002C4 00000000        DCD              0           ;Reserved
  236 000002C8 00000000        DCD              0           ;Reserved
  237 000002CC 00000000        DCD              0           ;Reserved
  238 000002D0 00000000        DCD              0           ;Reserved
  239 000002D4 00000000        DCD              0           ;Reserved
  240 000002D8 00000000        DCD              0           ;Reserved
  241 000002DC 00000000        DCD              0           ;Reserved
  242 000002E0 00000000        DCD              0           ;Reserved
  243 000002E4 00000000        DCD              0           ;Reserved
  244 000002E8 00000000        DCD              0           ;Reserved
  245 000002EC 00000000        DCD              0           ;Reserved
  246 000002F0 00000000        DCD              0           ;Reserved
  247 000002F4 00000000        DCD              0           ;Reserved
  248 000002F8 00000000        DCD              0           ;Reserved
  249 000002FC 00000000        DCD              0           ;Reserved
  250 00000300 00000000        DCD              0           ;Reserved
  251 00000304 00000000        DCD              0           ;Reserved
  252 00000308 00000000        DCD              0           ;Reserved
  253 0000030C 00000000        DCD              0           ;Reserved
  254 00000310 00000000        DCD              0           ;Reserved
  255 00000314 00000000        DCD              0           ;Reserved
  256 00000318 00000000        DCD              0           ;Reserved
  257 0000031C 00000000        DCD              0           ;Reserved
  258 00000320 00000000        DCD              0           ;Reserved



ARM Macro Assembler    Page 6 


  259 00000324 00000000        DCD              0           ;Reserved
  260 00000328 00000000        DCD              0           ;Reserved
  261 0000032C 00000000        DCD              0           ;Reserved
  262 00000330 00000000        DCD              0           ;Reserved
  263 00000334 00000000        DCD              0           ;Reserved
  264 00000338 00000000        DCD              0           ;Reserved
  265 0000033C 00000000        DCD              0           ;Reserved
  266 00000340 00000000        DCD              0           ;Reserved
  267 00000344 00000000        DCD              0           ;Reserved
  268 00000348 00000000        DCD              0           ;Reserved
  269 0000034C 00000000        DCD              0           ;Reserved
  270 00000350 00000000        DCD              0           ;Reserved
  271 00000354 00000000        DCD              0           ;Reserved
  272 00000358 00000000        DCD              0           ;Reserved
  273 0000035C 00000000        DCD              0           ;Reserved
  274 00000360 00000000        DCD              0           ;Reserved
  275 00000364 00000000        DCD              0           ;Reserved
  276 00000368 00000000        DCD              0           ;Reserved
  277 0000036C 00000000        DCD              0           ;Reserved
  278 00000370 00000000        DCD              0           ;Reserved
  279 00000374 00000000        DCD              0           ;Reserved
  280 00000378 00000000        DCD              0           ;Reserved
  281 0000037C 00000000        DCD              0           ;Reserved
  282 00000380 00000000        DCD              0           ;Reserved
  283 00000384 00000000        DCD              0           ;Reserved
  284 00000388 00000000        DCD              0           ;Reserved
  285 0000038C 00000000        DCD              0           ;Reserved
  286 00000390 00000000        DCD              0           ;Reserved
  287 00000394 00000000        DCD              0           ;Reserved
  288 00000398 00000000        DCD              0           ;Reserved
  289 0000039C 00000000        DCD              0           ;Reserved
  290 000003A0 00000000        DCD              0           ;Reserved
  291 000003A4 00000000        DCD              0           ;Reserved
  292 000003A8 00000000        DCD              0           ;Reserved
  293 000003AC 00000000        DCD              0           ;Reserved
  294 000003B0 00000000        DCD              0           ;Reserved
  295 000003B4 00000000        DCD              0           ;Reserved
  296 000003B8 00000000        DCD              0           ;Reserved
  297 000003BC 00000000        DCD              0           ;Reserved
  298 000003C0 00000000        DCD              0           ;Reserved
  299 000003C4 00000000        DCD              0           ;Reserved
  300 000003C8 00000000        DCD              0           ;Reserved
  301 000003CC 00000000        DCD              0           ;Reserved
  302 000003D0 00000000        DCD              0           ;Reserved
  303 000003D4 00000000        DCD              0           ;Reserved
  304 000003D8 00000000        DCD              0           ;Reserved
  305 000003DC 00000000        DCD              0           ;Reserved
  306 000003E0 00000000        DCD              0           ;Reserved
  307 000003E4 00000000        DCD              0           ;Reserved
  308 000003E8 00000000        DCD              0           ;Reserved
  309 000003EC 00000000        DCD              0           ;Reserved
  310 000003F0 00000000        DCD              0           ;Reserved
  311 000003F4 00000000        DCD              0           ;Reserved
  312 000003F8 00000000        DCD              0           ;Reserved
  313 000003FC 00000000        DCD              0           ;Reserved
  314 00000400 00000000        DCD              0           ;Reserved
  315 00000404 00000000        DCD              0           ;Reserved
  316 00000408 00000000        DCD              0           ;Reserved
  317 0000040C 00000000        DCD              0           ;Reserved



ARM Macro Assembler    Page 7 


  318 00000410 00000000        DCD              0           ;Reserved
  319 00000414 00000000        DCD              0           ;Reserved
  320 00000418 00000000        DCD              0           ;Reserved
  321 0000041C 00000000        DCD              0           ;Reserved
  322 00000420 00000000        DCD              0           ;Reserved
  323 00000424 00000000        DCD              0           ;Reserved
  324 00000428 00000000        DCD              0           ;Reserved
  325 0000042C 00000000        DCD              0           ;Reserved
  326 00000430 00000000        DCD              0           ;Reserved
  327 00000434 00000000        DCD              0           ;Reserved
  328 00000438 00000000        DCD              0           ;Reserved
  329 0000043C 00000000        DCD              0           ;Reserved
  330 00000440         
  331 00000440         
  332 00000440         __Vectors_End
  333 00000440         
  334 00000440 00000440 
                       __Vectors_Size
                               EQU              __Vectors_End - __Vectors
  335 00000440         
  336 00000440                 AREA             |.text|, CODE, READONLY
  337 00000000         
  338 00000000         ; Reset Handler
  339 00000000         
  340 00000000 40000524 
                       NRF_POWER_RAMON_ADDRESS
                               EQU              0x40000524  ; NRF_POWER->RAMON 
                                                            address
  341 00000000 40000554 
                       NRF_POWER_RAMONB_ADDRESS
                               EQU              0x40000554  ; NRF_POWER->RAMONB
                                                             address
  342 00000000 00000003 
                       NRF_POWER_RAMONx_RAMxON_ONMODE_Msk
                               EQU              0x3         ; All RAM blocks on
                                                             in onmode bit mask
                                                            
  343 00000000         
  344 00000000         Reset_Handler
                               PROC
  345 00000000                 EXPORT           Reset_Handler             [WEAK
]
  346 00000000                 IMPORT           SystemInit
  347 00000000                 IMPORT           __main
  348 00000000         
  349 00000000 2103            MOVS             R1, #NRF_POWER_RAMONx_RAMxON_ON
MODE_Msk
  350 00000002         
  351 00000002 480C            LDR              R0, =NRF_POWER_RAMON_ADDRESS
  352 00000004 6802            LDR              R2, [R0]
  353 00000006 430A            ORRS             R2, R2, R1
  354 00000008 6002            STR              R2, [R0]
  355 0000000A         
  356 0000000A 480B            LDR              R0, =NRF_POWER_RAMONB_ADDRESS
  357 0000000C 6802            LDR              R2, [R0]
  358 0000000E 430A            ORRS             R2, R2, R1
  359 00000010 6002            STR              R2, [R0]
  360 00000012         
  361 00000012 480A            LDR              R0, =SystemInit



ARM Macro Assembler    Page 8 


  362 00000014 4780            BLX              R0
  363 00000016 480A            LDR              R0, =__main
  364 00000018 4700            BX               R0
  365 0000001A                 ENDP
  366 0000001A         
  367 0000001A         ; Dummy Exception Handlers (infinite loops which can be 
                       modified)
  368 0000001A         
  369 0000001A         NMI_Handler
                               PROC
  370 0000001A                 EXPORT           NMI_Handler               [WEAK
]
  371 0000001A E7FE            B                .
  372 0000001C                 ENDP
  374 0000001C         HardFault_Handler
                               PROC
  375 0000001C                 EXPORT           HardFault_Handler         [WEAK
]
  376 0000001C E7FE            B                .
  377 0000001E                 ENDP
  378 0000001E         SVC_Handler
                               PROC
  379 0000001E                 EXPORT           SVC_Handler               [WEAK
]
  380 0000001E E7FE            B                .
  381 00000020                 ENDP
  382 00000020         PendSV_Handler
                               PROC
  383 00000020                 EXPORT           PendSV_Handler            [WEAK
]
  384 00000020 E7FE            B                .
  385 00000022                 ENDP
  386 00000022         SysTick_Handler
                               PROC
  387 00000022                 EXPORT           SysTick_Handler           [WEAK
]
  388 00000022 E7FE            B                .
  389 00000024                 ENDP
  390 00000024         
  391 00000024         Default_Handler
                               PROC
  392 00000024         
  393 00000024                 EXPORT           POWER_CLOCK_IRQHandler [WEAK]
  394 00000024                 EXPORT           RADIO_IRQHandler [WEAK]
  395 00000024                 EXPORT           UART0_IRQHandler [WEAK]
  396 00000024                 EXPORT           SPI0_TWI0_IRQHandler [WEAK]
  397 00000024                 EXPORT           SPI1_TWI1_IRQHandler [WEAK]
  398 00000024                 EXPORT           GPIOTE_IRQHandler [WEAK]
  399 00000024                 EXPORT           ADC_IRQHandler [WEAK]
  400 00000024                 EXPORT           TIMER0_IRQHandler [WEAK]
  401 00000024                 EXPORT           TIMER1_IRQHandler [WEAK]
  402 00000024                 EXPORT           TIMER2_IRQHandler [WEAK]
  403 00000024                 EXPORT           RTC0_IRQHandler [WEAK]
  404 00000024                 EXPORT           TEMP_IRQHandler [WEAK]
  405 00000024                 EXPORT           RNG_IRQHandler [WEAK]
  406 00000024                 EXPORT           ECB_IRQHandler [WEAK]
  407 00000024                 EXPORT           CCM_AAR_IRQHandler [WEAK]
  408 00000024                 EXPORT           WDT_IRQHandler [WEAK]
  409 00000024                 EXPORT           RTC1_IRQHandler [WEAK]



ARM Macro Assembler    Page 9 


  410 00000024                 EXPORT           QDEC_IRQHandler [WEAK]
  411 00000024                 EXPORT           LPCOMP_IRQHandler [WEAK]
  412 00000024                 EXPORT           SWI0_IRQHandler [WEAK]
  413 00000024                 EXPORT           SWI1_IRQHandler [WEAK]
  414 00000024                 EXPORT           SWI2_IRQHandler [WEAK]
  415 00000024                 EXPORT           SWI3_IRQHandler [WEAK]
  416 00000024                 EXPORT           SWI4_IRQHandler [WEAK]
  417 00000024                 EXPORT           SWI5_IRQHandler [WEAK]
  418 00000024         POWER_CLOCK_IRQHandler
  419 00000024         RADIO_IRQHandler
  420 00000024         UART0_IRQHandler
  421 00000024         SPI0_TWI0_IRQHandler
  422 00000024         SPI1_TWI1_IRQHandler
  423 00000024         GPIOTE_IRQHandler
  424 00000024         ADC_IRQHandler
  425 00000024         TIMER0_IRQHandler
  426 00000024         TIMER1_IRQHandler
  427 00000024         TIMER2_IRQHandler
  428 00000024         RTC0_IRQHandler
  429 00000024         TEMP_IRQHandler
  430 00000024         RNG_IRQHandler
  431 00000024         ECB_IRQHandler
  432 00000024         CCM_AAR_IRQHandler
  433 00000024         WDT_IRQHandler
  434 00000024         RTC1_IRQHandler
  435 00000024         QDEC_IRQHandler
  436 00000024         LPCOMP_IRQHandler
  437 00000024         SWI0_IRQHandler
  438 00000024         SWI1_IRQHandler
  439 00000024         SWI2_IRQHandler
  440 00000024         SWI3_IRQHandler
  441 00000024         SWI4_IRQHandler
  442 00000024         SWI5_IRQHandler
  443 00000024         
  444 00000024 E7FE            B                .
  445 00000026                 ENDP
  446 00000026 00 00           ALIGN
  447 00000028         
  448 00000028         ; User Initial Stack & Heap
  449 00000028         
  450 00000028                 IF               :DEF:__MICROLIB
  457 00000028         
  458 00000028                 IMPORT           __use_two_region_memory
  459 00000028                 EXPORT           __user_initial_stackheap
  460 00000028         __user_initial_stackheap
  461 00000028         
  462 00000028 4806            LDR              R0, = Heap_Mem
  463 0000002A 4907            LDR              R1, = (Stack_Mem + Stack_Size)
  464 0000002C 4A07            LDR              R2, = (Heap_Mem + Heap_Size)
  465 0000002E 4B08            LDR              R3, = Stack_Mem
  466 00000030 4770            BX               LR
  467 00000032         
  468 00000032 00 00           ALIGN
  469 00000034         
  470 00000034                 ENDIF
  471 00000034         
  472 00000034                 END
              40000524 
              40000554 



ARM Macro Assembler    Page 10 


              00000000 
              00000000 
              00000000 
              00000800 
              00000800 
              00000000 
Command Line: --debug --xref --cpu=Cortex-M0 --apcs=interwork --depend=.\arm_st
artup_nrf51.d -o.\arm_startup_nrf51.o -I"C:\Users\Luca\Dropbox\Università\Reti 
e sistemi multimediali\BEH\nRF51822_bleeh__WorkingCopy\trunk\bleeh\RTE" -IC:\Ke
il_v5\ARM\PACK\ARM\CMSIS\3.20.4\CMSIS\Include -IC:\Keil_v5\ARM\PACK\NordicSemic
onductor\nRF_DeviceFamilyPack\1.1.1\Device\Include --list=.\arm_startup_nrf51.l
st RTE\Device\nRF51822_xxAA\arm_startup_nrf51.s



ARM Macro Assembler    Page 1 Alphabetic symbol ordering
Relocatable symbols

STACK 00000000

Symbol: STACK
   Definitions
      At line 35 in file RTE\Device\nRF51822_xxAA\arm_startup_nrf51.s
   Uses
      None
Comment: STACK unused
Stack_Mem 00000000

Symbol: Stack_Mem
   Definitions
      At line 36 in file RTE\Device\nRF51822_xxAA\arm_startup_nrf51.s
   Uses
      At line 463 in file RTE\Device\nRF51822_xxAA\arm_startup_nrf51.s
      At line 465 in file RTE\Device\nRF51822_xxAA\arm_startup_nrf51.s

__initial_sp 00000800

Symbol: __initial_sp
   Definitions
      At line 37 in file RTE\Device\nRF51822_xxAA\arm_startup_nrf51.s
   Uses
      At line 56 in file RTE\Device\nRF51822_xxAA\arm_startup_nrf51.s
Comment: __initial_sp used once
3 symbols



ARM Macro Assembler    Page 1 Alphabetic symbol ordering
Relocatable symbols

HEAP 00000000

Symbol: HEAP
   Definitions
      At line 41 in file RTE\Device\nRF51822_xxAA\arm_startup_nrf51.s
   Uses
      None
Comment: HEAP unused
Heap_Mem 00000000

Symbol: Heap_Mem
   Definitions
      At line 43 in file RTE\Device\nRF51822_xxAA\arm_startup_nrf51.s
   Uses
      At line 462 in file RTE\Device\nRF51822_xxAA\arm_startup_nrf51.s
      At line 464 in file RTE\Device\nRF51822_xxAA\arm_startup_nrf51.s

__heap_base 00000000

Symbol: __heap_base
   Definitions
      At line 42 in file RTE\Device\nRF51822_xxAA\arm_startup_nrf51.s
   Uses
      None
Comment: __heap_base unused
__heap_limit 00000800

Symbol: __heap_limit
   Definitions
      At line 44 in file RTE\Device\nRF51822_xxAA\arm_startup_nrf51.s
   Uses
      None
Comment: __heap_limit unused
4 symbols



ARM Macro Assembler    Page 1 Alphabetic symbol ordering
Relocatable symbols

RESET 00000000

Symbol: RESET
   Definitions
      At line 51 in file RTE\Device\nRF51822_xxAA\arm_startup_nrf51.s
   Uses
      None
Comment: RESET unused
__Vectors 00000000

Symbol: __Vectors
   Definitions
      At line 56 in file RTE\Device\nRF51822_xxAA\arm_startup_nrf51.s
   Uses
      At line 52 in file RTE\Device\nRF51822_xxAA\arm_startup_nrf51.s
      At line 334 in file RTE\Device\nRF51822_xxAA\arm_startup_nrf51.s

__Vectors_End 00000440

Symbol: __Vectors_End
   Definitions
      At line 332 in file RTE\Device\nRF51822_xxAA\arm_startup_nrf51.s
   Uses
      At line 53 in file RTE\Device\nRF51822_xxAA\arm_startup_nrf51.s
      At line 334 in file RTE\Device\nRF51822_xxAA\arm_startup_nrf51.s

3 symbols



ARM Macro Assembler    Page 1 Alphabetic symbol ordering
Relocatable symbols

.text 00000000

Symbol: .text
   Definitions
      At line 336 in file RTE\Device\nRF51822_xxAA\arm_startup_nrf51.s
   Uses
      None
Comment: .text unused
ADC_IRQHandler 00000024

Symbol: ADC_IRQHandler
   Definitions
      At line 424 in file RTE\Device\nRF51822_xxAA\arm_startup_nrf51.s
   Uses
      At line 81 in file RTE\Device\nRF51822_xxAA\arm_startup_nrf51.s
      At line 399 in file RTE\Device\nRF51822_xxAA\arm_startup_nrf51.s

CCM_AAR_IRQHandler 00000024

Symbol: CCM_AAR_IRQHandler
   Definitions
      At line 432 in file RTE\Device\nRF51822_xxAA\arm_startup_nrf51.s
   Uses
      At line 89 in file RTE\Device\nRF51822_xxAA\arm_startup_nrf51.s
      At line 407 in file RTE\Device\nRF51822_xxAA\arm_startup_nrf51.s

Default_Handler 00000024

Symbol: Default_Handler
   Definitions
      At line 391 in file RTE\Device\nRF51822_xxAA\arm_startup_nrf51.s
   Uses
      None
Comment: Default_Handler unused
ECB_IRQHandler 00000024

Symbol: ECB_IRQHandler
   Definitions
      At line 431 in file RTE\Device\nRF51822_xxAA\arm_startup_nrf51.s
   Uses
      At line 88 in file RTE\Device\nRF51822_xxAA\arm_startup_nrf51.s
      At line 406 in file RTE\Device\nRF51822_xxAA\arm_startup_nrf51.s

GPIOTE_IRQHandler 00000024

Symbol: GPIOTE_IRQHandler
   Definitions
      At line 423 in file RTE\Device\nRF51822_xxAA\arm_startup_nrf51.s
   Uses
      At line 80 in file RTE\Device\nRF51822_xxAA\arm_startup_nrf51.s
      At line 398 in file RTE\Device\nRF51822_xxAA\arm_startup_nrf51.s

HardFault_Handler 0000001C

Symbol: HardFault_Handler
   Definitions
      At line 374 in file RTE\Device\nRF51822_xxAA\arm_startup_nrf51.s
   Uses
      At line 59 in file RTE\Device\nRF51822_xxAA\arm_startup_nrf51.s



ARM Macro Assembler    Page 2 Alphabetic symbol ordering
Relocatable symbols

      At line 375 in file RTE\Device\nRF51822_xxAA\arm_startup_nrf51.s

LPCOMP_IRQHandler 00000024

Symbol: LPCOMP_IRQHandler
   Definitions
      At line 436 in file RTE\Device\nRF51822_xxAA\arm_startup_nrf51.s
   Uses
      At line 93 in file RTE\Device\nRF51822_xxAA\arm_startup_nrf51.s
      At line 411 in file RTE\Device\nRF51822_xxAA\arm_startup_nrf51.s

NMI_Handler 0000001A

Symbol: NMI_Handler
   Definitions
      At line 369 in file RTE\Device\nRF51822_xxAA\arm_startup_nrf51.s
   Uses
      At line 58 in file RTE\Device\nRF51822_xxAA\arm_startup_nrf51.s
      At line 370 in file RTE\Device\nRF51822_xxAA\arm_startup_nrf51.s

POWER_CLOCK_IRQHandler 00000024

Symbol: POWER_CLOCK_IRQHandler
   Definitions
      At line 418 in file RTE\Device\nRF51822_xxAA\arm_startup_nrf51.s
   Uses
      At line 74 in file RTE\Device\nRF51822_xxAA\arm_startup_nrf51.s
      At line 393 in file RTE\Device\nRF51822_xxAA\arm_startup_nrf51.s

PendSV_Handler 00000020

Symbol: PendSV_Handler
   Definitions
      At line 382 in file RTE\Device\nRF51822_xxAA\arm_startup_nrf51.s
   Uses
      At line 70 in file RTE\Device\nRF51822_xxAA\arm_startup_nrf51.s
      At line 383 in file RTE\Device\nRF51822_xxAA\arm_startup_nrf51.s

QDEC_IRQHandler 00000024

Symbol: QDEC_IRQHandler
   Definitions
      At line 435 in file RTE\Device\nRF51822_xxAA\arm_startup_nrf51.s
   Uses
      At line 92 in file RTE\Device\nRF51822_xxAA\arm_startup_nrf51.s
      At line 410 in file RTE\Device\nRF51822_xxAA\arm_startup_nrf51.s

RADIO_IRQHandler 00000024

Symbol: RADIO_IRQHandler
   Definitions
      At line 419 in file RTE\Device\nRF51822_xxAA\arm_startup_nrf51.s
   Uses
      At line 75 in file RTE\Device\nRF51822_xxAA\arm_startup_nrf51.s
      At line 394 in file RTE\Device\nRF51822_xxAA\arm_startup_nrf51.s

RNG_IRQHandler 00000024

Symbol: RNG_IRQHandler



ARM Macro Assembler    Page 3 Alphabetic symbol ordering
Relocatable symbols

   Definitions
      At line 430 in file RTE\Device\nRF51822_xxAA\arm_startup_nrf51.s
   Uses
      At line 87 in file RTE\Device\nRF51822_xxAA\arm_startup_nrf51.s
      At line 405 in file RTE\Device\nRF51822_xxAA\arm_startup_nrf51.s

RTC0_IRQHandler 00000024

Symbol: RTC0_IRQHandler
   Definitions
      At line 428 in file RTE\Device\nRF51822_xxAA\arm_startup_nrf51.s
   Uses
      At line 85 in file RTE\Device\nRF51822_xxAA\arm_startup_nrf51.s
      At line 403 in file RTE\Device\nRF51822_xxAA\arm_startup_nrf51.s

RTC1_IRQHandler 00000024

Symbol: RTC1_IRQHandler
   Definitions
      At line 434 in file RTE\Device\nRF51822_xxAA\arm_startup_nrf51.s
   Uses
      At line 91 in file RTE\Device\nRF51822_xxAA\arm_startup_nrf51.s
      At line 409 in file RTE\Device\nRF51822_xxAA\arm_startup_nrf51.s

Reset_Handler 00000000

Symbol: Reset_Handler
   Definitions
      At line 344 in file RTE\Device\nRF51822_xxAA\arm_startup_nrf51.s
   Uses
      At line 57 in file RTE\Device\nRF51822_xxAA\arm_startup_nrf51.s
      At line 345 in file RTE\Device\nRF51822_xxAA\arm_startup_nrf51.s

SPI0_TWI0_IRQHandler 00000024

Symbol: SPI0_TWI0_IRQHandler
   Definitions
      At line 421 in file RTE\Device\nRF51822_xxAA\arm_startup_nrf51.s
   Uses
      At line 77 in file RTE\Device\nRF51822_xxAA\arm_startup_nrf51.s
      At line 396 in file RTE\Device\nRF51822_xxAA\arm_startup_nrf51.s

SPI1_TWI1_IRQHandler 00000024

Symbol: SPI1_TWI1_IRQHandler
   Definitions
      At line 422 in file RTE\Device\nRF51822_xxAA\arm_startup_nrf51.s
   Uses
      At line 78 in file RTE\Device\nRF51822_xxAA\arm_startup_nrf51.s
      At line 397 in file RTE\Device\nRF51822_xxAA\arm_startup_nrf51.s

SVC_Handler 0000001E

Symbol: SVC_Handler
   Definitions
      At line 378 in file RTE\Device\nRF51822_xxAA\arm_startup_nrf51.s
   Uses
      At line 67 in file RTE\Device\nRF51822_xxAA\arm_startup_nrf51.s
      At line 379 in file RTE\Device\nRF51822_xxAA\arm_startup_nrf51.s



ARM Macro Assembler    Page 4 Alphabetic symbol ordering
Relocatable symbols


SWI0_IRQHandler 00000024

Symbol: SWI0_IRQHandler
   Definitions
      At line 437 in file RTE\Device\nRF51822_xxAA\arm_startup_nrf51.s
   Uses
      At line 94 in file RTE\Device\nRF51822_xxAA\arm_startup_nrf51.s
      At line 412 in file RTE\Device\nRF51822_xxAA\arm_startup_nrf51.s

SWI1_IRQHandler 00000024

Symbol: SWI1_IRQHandler
   Definitions
      At line 438 in file RTE\Device\nRF51822_xxAA\arm_startup_nrf51.s
   Uses
      At line 95 in file RTE\Device\nRF51822_xxAA\arm_startup_nrf51.s
      At line 413 in file RTE\Device\nRF51822_xxAA\arm_startup_nrf51.s

SWI2_IRQHandler 00000024

Symbol: SWI2_IRQHandler
   Definitions
      At line 439 in file RTE\Device\nRF51822_xxAA\arm_startup_nrf51.s
   Uses
      At line 96 in file RTE\Device\nRF51822_xxAA\arm_startup_nrf51.s
      At line 414 in file RTE\Device\nRF51822_xxAA\arm_startup_nrf51.s

SWI3_IRQHandler 00000024

Symbol: SWI3_IRQHandler
   Definitions
      At line 440 in file RTE\Device\nRF51822_xxAA\arm_startup_nrf51.s
   Uses
      At line 97 in file RTE\Device\nRF51822_xxAA\arm_startup_nrf51.s
      At line 415 in file RTE\Device\nRF51822_xxAA\arm_startup_nrf51.s

SWI4_IRQHandler 00000024

Symbol: SWI4_IRQHandler
   Definitions
      At line 441 in file RTE\Device\nRF51822_xxAA\arm_startup_nrf51.s
   Uses
      At line 98 in file RTE\Device\nRF51822_xxAA\arm_startup_nrf51.s
      At line 416 in file RTE\Device\nRF51822_xxAA\arm_startup_nrf51.s

SWI5_IRQHandler 00000024

Symbol: SWI5_IRQHandler
   Definitions
      At line 442 in file RTE\Device\nRF51822_xxAA\arm_startup_nrf51.s
   Uses
      At line 99 in file RTE\Device\nRF51822_xxAA\arm_startup_nrf51.s
      At line 417 in file RTE\Device\nRF51822_xxAA\arm_startup_nrf51.s

SysTick_Handler 00000022

Symbol: SysTick_Handler
   Definitions



ARM Macro Assembler    Page 5 Alphabetic symbol ordering
Relocatable symbols

      At line 386 in file RTE\Device\nRF51822_xxAA\arm_startup_nrf51.s
   Uses
      At line 71 in file RTE\Device\nRF51822_xxAA\arm_startup_nrf51.s
      At line 387 in file RTE\Device\nRF51822_xxAA\arm_startup_nrf51.s

TEMP_IRQHandler 00000024

Symbol: TEMP_IRQHandler
   Definitions
      At line 429 in file RTE\Device\nRF51822_xxAA\arm_startup_nrf51.s
   Uses
      At line 86 in file RTE\Device\nRF51822_xxAA\arm_startup_nrf51.s
      At line 404 in file RTE\Device\nRF51822_xxAA\arm_startup_nrf51.s

TIMER0_IRQHandler 00000024

Symbol: TIMER0_IRQHandler
   Definitions
      At line 425 in file RTE\Device\nRF51822_xxAA\arm_startup_nrf51.s
   Uses
      At line 82 in file RTE\Device\nRF51822_xxAA\arm_startup_nrf51.s
      At line 400 in file RTE\Device\nRF51822_xxAA\arm_startup_nrf51.s

TIMER1_IRQHandler 00000024

Symbol: TIMER1_IRQHandler
   Definitions
      At line 426 in file RTE\Device\nRF51822_xxAA\arm_startup_nrf51.s
   Uses
      At line 83 in file RTE\Device\nRF51822_xxAA\arm_startup_nrf51.s
      At line 401 in file RTE\Device\nRF51822_xxAA\arm_startup_nrf51.s

TIMER2_IRQHandler 00000024

Symbol: TIMER2_IRQHandler
   Definitions
      At line 427 in file RTE\Device\nRF51822_xxAA\arm_startup_nrf51.s
   Uses
      At line 84 in file RTE\Device\nRF51822_xxAA\arm_startup_nrf51.s
      At line 402 in file RTE\Device\nRF51822_xxAA\arm_startup_nrf51.s

UART0_IRQHandler 00000024

Symbol: UART0_IRQHandler
   Definitions
      At line 420 in file RTE\Device\nRF51822_xxAA\arm_startup_nrf51.s
   Uses
      At line 76 in file RTE\Device\nRF51822_xxAA\arm_startup_nrf51.s
      At line 395 in file RTE\Device\nRF51822_xxAA\arm_startup_nrf51.s

WDT_IRQHandler 00000024

Symbol: WDT_IRQHandler
   Definitions
      At line 433 in file RTE\Device\nRF51822_xxAA\arm_startup_nrf51.s
   Uses
      At line 90 in file RTE\Device\nRF51822_xxAA\arm_startup_nrf51.s
      At line 408 in file RTE\Device\nRF51822_xxAA\arm_startup_nrf51.s




ARM Macro Assembler    Page 6 Alphabetic symbol ordering
Relocatable symbols

__user_initial_stackheap 00000028

Symbol: __user_initial_stackheap
   Definitions
      At line 460 in file RTE\Device\nRF51822_xxAA\arm_startup_nrf51.s
   Uses
      At line 459 in file RTE\Device\nRF51822_xxAA\arm_startup_nrf51.s
Comment: __user_initial_stackheap used once
34 symbols



ARM Macro Assembler    Page 1 Alphabetic symbol ordering
Absolute symbols

Heap_Size 00000800

Symbol: Heap_Size
   Definitions
      At line 39 in file RTE\Device\nRF51822_xxAA\arm_startup_nrf51.s
   Uses
      At line 43 in file RTE\Device\nRF51822_xxAA\arm_startup_nrf51.s
      At line 464 in file RTE\Device\nRF51822_xxAA\arm_startup_nrf51.s

NRF_POWER_RAMONB_ADDRESS 40000554

Symbol: NRF_POWER_RAMONB_ADDRESS
   Definitions
      At line 341 in file RTE\Device\nRF51822_xxAA\arm_startup_nrf51.s
   Uses
      At line 356 in file RTE\Device\nRF51822_xxAA\arm_startup_nrf51.s
Comment: NRF_POWER_RAMONB_ADDRESS used once
NRF_POWER_RAMON_ADDRESS 40000524

Symbol: NRF_POWER_RAMON_ADDRESS
   Definitions
      At line 340 in file RTE\Device\nRF51822_xxAA\arm_startup_nrf51.s
   Uses
      At line 351 in file RTE\Device\nRF51822_xxAA\arm_startup_nrf51.s
Comment: NRF_POWER_RAMON_ADDRESS used once
NRF_POWER_RAMONx_RAMxON_ONMODE_Msk 00000003

Symbol: NRF_POWER_RAMONx_RAMxON_ONMODE_Msk
   Definitions
      At line 342 in file RTE\Device\nRF51822_xxAA\arm_startup_nrf51.s
   Uses
      At line 349 in file RTE\Device\nRF51822_xxAA\arm_startup_nrf51.s
Comment: NRF_POWER_RAMONx_RAMxON_ONMODE_Msk used once
Stack_Size 00000800

Symbol: Stack_Size
   Definitions
      At line 34 in file RTE\Device\nRF51822_xxAA\arm_startup_nrf51.s
   Uses
      At line 36 in file RTE\Device\nRF51822_xxAA\arm_startup_nrf51.s
      At line 463 in file RTE\Device\nRF51822_xxAA\arm_startup_nrf51.s

__Vectors_Size 00000440

Symbol: __Vectors_Size
   Definitions
      At line 334 in file RTE\Device\nRF51822_xxAA\arm_startup_nrf51.s
   Uses
      At line 54 in file RTE\Device\nRF51822_xxAA\arm_startup_nrf51.s
Comment: __Vectors_Size used once
6 symbols



ARM Macro Assembler    Page 1 Alphabetic symbol ordering
External symbols

SystemInit 00000000

Symbol: SystemInit
   Definitions
      At line 346 in file RTE\Device\nRF51822_xxAA\arm_startup_nrf51.s
   Uses
      At line 361 in file RTE\Device\nRF51822_xxAA\arm_startup_nrf51.s
Comment: SystemInit used once
__main 00000000

Symbol: __main
   Definitions
      At line 347 in file RTE\Device\nRF51822_xxAA\arm_startup_nrf51.s
   Uses
      At line 363 in file RTE\Device\nRF51822_xxAA\arm_startup_nrf51.s
Comment: __main used once
__use_two_region_memory 00000000

Symbol: __use_two_region_memory
   Definitions
      At line 458 in file RTE\Device\nRF51822_xxAA\arm_startup_nrf51.s
   Uses
      None
Comment: __use_two_region_memory unused
3 symbols
387 symbols in table
